INFO:root:Launching application

INFO:root:Launching application

INFO:root:Launching application

INFO:root:Launching application

INFO:root:Launching application

INFO:root:TextBox: 0 | created.

INFO:root:Window title: title | Window size: 1280x720 | Created

INFO:root:Textbox: 1 | created.

INFO:root:Launching application

INFO:root:TextBox: 0 | created.

INFO:root:Launching application

INFO:root:TextBox: 0 | created.

INFO:root:Launching application

INFO:root:TextBox: 0 | created.

INFO:root:Launching application

INFO:root:TextBox: 0 | created.

INFO:root:Launching application

INFO:root:TextBox: 0 | created.

INFO:root:Launching application

INFO:root:TextBox: 0 | created.

INFO:root:Window title: %(self.title)s | Window size: %(self.size)s | Created

INFO:root:Launching application

INFO:root:TextBox: 0 | created.

INFO:root:Launching application

INFO:root:TextBox: 0 | created.

INFO:root:Window title: title | Window size: 1280x720 | Created

INFO:root:Launching application

INFO:root:TextBox: 0 | created.

INFO:root:Window title: title | Window size: 1280x720 | Created

INFO:root:Launching application

INFO:root:TextBox: 0 | created.

INFO:root:Window title: title | Window size: 1280x720 | Created

INFO:root:Launching application

INFO:root:TextBox: 0 | created.

INFO:root:Window title: title | Window size: 1280x720 | Created

INFO:root:Textbox: 1 | created.

INFO:root:Launching application

INFO:root:TextBox: 0 | created.

INFO:root:Window title: title | Window size: 1280x720 | Created

INFO:root:Textbox: 1 | created.

INFO:root:Launching application

INFO:root:TextBox: 0 | created.

INFO:root:Window title: title | Window size: 1280x720 | Created

INFO:root:Textbox: 1 | created.

INFO:root:Launching application

INFO:root:TextBox: 0 | created.

INFO:root:Window title: title | Window size: 1280x720 | Created

INFO:root:Textbox: 1 | created.

INFO:root:Textbox: 2 | created.

INFO:root:Launching application

INFO:root:TextBox: 0 | created.

INFO:root:Window title: title | Window size: 1280x720 | Created

INFO:root:Textbox: 1 | created.

INFO:root:Textbox: 2 | created.

INFO:root:Launching application

INFO:root:TextBox: 0 | created.

INFO:root:Window title: title | Window size: 1280x720 | Created

INFO:root:Textbox: 1 | created.

INFO:root:Launching application

INFO:root:TextBox: 0 | created.

INFO:root:Window title: title | Window size: 1280x720 | Created

INFO:root:Textbox: 1 | created.

INFO:root:Launching application

INFO:root:TextBox: 0 | created.

INFO:root:Window title: title | Window size: 1280x720 | Created

INFO:root:Launching application

INFO:root:TextBox: 0 | created.

INFO:root:Launching application

INFO:root:TextBox: 0 | created.

INFO:root:Launching application

INFO:root:TextBox: 0 | created.

INFO:root:Window title: title | Window size: 1280x720 | Created

INFO:root:Textbox: 1 | created.

INFO:root:Launching application

INFO:root:TextBox: 0 | created.

INFO:root:Window title: title | Window size: 1280x720 | Created

INFO:root:Textbox: 1 | created.

INFO:root:Launching application

INFO:root:TextBox: 0 | created.

INFO:root:Launching application

INFO:root:TextBox: 0 | created.

INFO:root:Window title: title | Window size: 1280x720 | Created

INFO:root:Textbox: 1 | created.

INFO:root:Textbox: 2 | created.

INFO:root:Textbox: 3 | created.

INFO:root:Launching application

INFO:root:TextBox: 0 | created.

INFO:root:Launching application

INFO:root:TextBox: 0 | created.

INFO:root:Launching application

INFO:root:TextBox: 0 | created.

INFO:root:Launching application

INFO:root:TextBox: 0 | created.

INFO:root:Window title: title | Window size: 1280x720 | Created

INFO:root:Textbox: 1 | created.

INFO:root:Launching application

INFO:root:TextBox: 0 | created.

INFO:root:Window title: title | Window size: 1280x720 | Created

INFO:root:Textbox: 1 | created.

INFO:root:Launching application

INFO:root:TextBox: 0 | created.

INFO:root:Launching application

INFO:root:Launching application

INFO:root:TextBox: 0 | created.

INFO:root:Launching application

INFO:root:TextBox: 0 | created.

INFO:root:Window title: title | Window size: 1280x720 | Created

INFO:root:Textbox: 1 | created.

INFO:root:Launching application

INFO:root:TextBox: 0 | created.

INFO:root:Window title: title | Window size: 1280x720 | Created

INFO:root:Textbox: 1 | created.

INFO:root:Launching application

INFO:root:TextBox: 0 | created.

INFO:root:Window title: title | Window size: 1280x720 | Created

INFO:root:Textbox: 1 | created.

INFO:root:Launching application

INFO:root:TextBox: 0 | created.

INFO:root:Window title: title | Window size: 1280x720 | Created

INFO:root:Launching application

INFO:root:TextBox: 0 | created.

INFO:root:Window title: title | Window size: 1280x720 | Created

INFO:root:Launching application

INFO:root:TextBox: 0 | created.

INFO:root:Window title: title | Window size: 1280x720 | Created

INFO:root:Launching application

INFO:root:TextBox: 0 | created.

INFO:root:Window title: title | Window size: 1280x720 | Created

INFO:root:Launching application

INFO:root:TextBox: 0 | created.

INFO:root:Window title: title | Window size: 1280x720 | Created

INFO:root:Launching application

INFO:root:TextBox: 0 | created.

INFO:root:Window title: title | Window size: 1280x720 | Created

INFO:root:Launching application

INFO:root:TextBox: 0 | created.

INFO:root:Window title: title | Window size: 1280x720 | Created

INFO:root:Textbox: 1 | created.

INFO:root:Launching application

INFO:root:TextBox: 0 | created.

INFO:root:Window title: title | Window size: 1280x720 | Created

INFO:root:Textbox: 1 | created.

INFO:root:Launching application

INFO:root:TextBox: 0 | created.

INFO:root:Window title: title | Window size: 1280x720 | Created

INFO:root:Textbox: 1 | created.

INFO:root:Launching application

INFO:root:TextBox: 0 | created.

INFO:root:Window title: title | Window size: 1280x720 | Created

INFO:root:Launching application

INFO:root:TextBox: 0 | created.

INFO:root:Window title: title | Window size: 1280x720 | Created

INFO:root:Launching application

INFO:root:TextBox: 0 | created.

INFO:root:Window title: title | Window size: 1280x720 | Created

INFO:root:Launching application

INFO:root:TextBox: 0 | created.

INFO:root:Window title: title | Window size: 1280x720 | Created

INFO:root:Launching application

INFO:root:TextBox: 0 | created.

INFO:root:Window title: title | Window size: 1280x720 | Created

